# JRE version: OpenJDK Runtime Environment (8.0_202-b03) (build 1.8.0_202-release-1483-b03)
# Java VM: OpenJDK 64-Bit Server VM (25.202-b03 mixed mode windows-amd64 compressed oops)
Heap:
 PSYoungGen      total 463360K, used 223871K [0x00000000e0000000, 0x00000000ffb00000, 0x0000000100000000)
  eden space 408576K, 49% used [0x00000000e0000000,0x00000000ec5930d8,0x00000000f8f00000)
  from space 54784K, 39% used [0x00000000f8f00000,0x00000000fa40cb90,0x00000000fc480000)
  to   space 52224K, 0% used [0x00000000fc800000,0x00000000fc800000,0x00000000ffb00000)
 ParOldGen       total 245248K, used 120032K [0x00000000a0000000, 0x00000000aef80000, 0x00000000e0000000)
  object space 245248K, 48% used [0x00000000a0000000,0x00000000a7538160,0x00000000aef80000)
 Metaspace       used 92038K, capacity 95722K, committed 98776K, reserved 1134592K
  class space    used 11619K, capacity 12339K, committed 13016K, reserved 1048576K
GC Heap History (10 events):
Event: 7168.032 GC heap before
{Heap before GC invocations=31 (full 4):
 PSYoungGen      total 463872K, used 401408K [0x00000000e0000000, 0x0000000100000000, 0x0000000100000000)
  eden space 401408K, 100% used [0x00000000e0000000,0x00000000f8800000,0x00000000f8800000)
  from space 62464K, 0% used [0x00000000fc300000,0x00000000fc300000,0x0000000100000000)
  to   space 60416K, 0% used [0x00000000f8800000,0x00000000f8800000,0x00000000fc300000)
 ParOldGen       total 245248K, used 99648K [0x00000000a0000000, 0x00000000aef80000, 0x00000000e0000000)
  object space 245248K, 40% used [0x00000000a0000000,0x00000000a6150110,0x00000000aef80000)
 Metaspace       used 90539K, capacity 94090K, committed 97624K, reserved 1134592K
  class space    used 11477K, capacity 12145K, committed 12888K, reserved 1048576K
Event: 7168.042 GC heap after
Heap after GC invocations=31 (full 4):
 PSYoungGen      total 409088K, used 7232K [0x00000000e0000000, 0x00000000ffd00000, 0x0000000100000000)
  eden space 401408K, 0% used [0x00000000e0000000,0x00000000e0000000,0x00000000f8800000)
  from space 7680K, 94% used [0x00000000f8800000,0x00000000f8f10000,0x00000000f8f80000)
  to   space 59904K, 0% used [0x00000000fc280000,0x00000000fc280000,0x00000000ffd00000)
 ParOldGen       total 245248K, used 99648K [0x00000000a0000000, 0x00000000aef80000, 0x00000000e0000000)
  object space 245248K, 40% used [0x00000000a0000000,0x00000000a6150110,0x00000000aef80000)
 Metaspace       used 90539K, capacity 94090K, committed 97624K, reserved 1134592K
  class space    used 11477K, capacity 12145K, committed 12888K, reserved 1048576K
}
Event: 7168.701 GC heap before
{Heap before GC invocations=32 (full 4):
 PSYoungGen      total 409088K, used 408640K [0x00000000e0000000, 0x00000000ffd00000, 0x0000000100000000)
  eden space 401408K, 100% used [0x00000000e0000000,0x00000000f8800000,0x00000000f8800000)
  from space 7680K, 94% used [0x00000000f8800000,0x00000000f8f10000,0x00000000f8f80000)
  to   space 59904K, 0% used [0x00000000fc280000,0x00000000fc280000,0x00000000ffd00000)
 ParOldGen       total 245248K, used 99648K [0x00000000a0000000, 0x00000000aef80000, 0x00000000e0000000)
  object space 245248K, 40% used [0x00000000a0000000,0x00000000a6150110,0x00000000aef80000)
 Metaspace       used 90891K, capacity 94526K, committed 97624K, reserved 1134592K
  class space    used 11506K, capacity 12179K, committed 12888K, reserved 1048576K
Event: 7168.713 GC heap after
Heap after GC invocations=32 (full 4):
 PSYoungGen      total 462848K, used 9523K [0x00000000e0000000, 0x0000000100000000, 0x0000000100000000)
  eden space 402944K, 0% used [0x00000000e0000000,0x00000000e0000000,0x00000000f8980000)
  from space 59904K, 15% used [0x00000000fc280000,0x00000000fcbcce00,0x00000000ffd00000)
  to   space 58368K, 0% used [0x00000000f8980000,0x00000000f8980000,0x00000000fc280000)
 ParOldGen       total 245248K, used 106496K [0x00000000a0000000, 0x00000000aef80000, 0x00000000e0000000)
  object space 245248K, 43% used [0x00000000a0000000,0x00000000a6800110,0x00000000aef80000)
 Metaspace       used 90891K, capacity 94526K, committed 97624K, reserved 1134592K
  class space    used 11506K, capacity 12179K, committed 12888K, reserved 1048576K
}
Event: 7169.433 GC heap before
{Heap before GC invocations=33 (full 4):
 PSYoungGen      total 462848K, used 412467K [0x00000000e0000000, 0x0000000100000000, 0x0000000100000000)
  eden space 402944K, 100% used [0x00000000e0000000,0x00000000f8980000,0x00000000f8980000)
  from space 59904K, 15% used [0x00000000fc280000,0x00000000fcbcce00,0x00000000ffd00000)
  to   space 58368K, 0% used [0x00000000f8980000,0x00000000f8980000,0x00000000fc280000)
 ParOldGen       total 245248K, used 106496K [0x00000000a0000000, 0x00000000aef80000, 0x00000000e0000000)
  object space 245248K, 43% used [0x00000000a0000000,0x00000000a6800110,0x00000000aef80000)
 Metaspace       used 91224K, capacity 94826K, committed 97880K, reserved 1134592K
  class space    used 11525K, capacity 12211K, committed 12888K, reserved 1048576K
Event: 7169.445 GC heap after
Heap after GC invocations=33 (full 4):
 PSYoungGen      total 461312K, used 6896K [0x00000000e0000000, 0x00000000ffc80000, 0x0000000100000000)
  eden space 402944K, 0% used [0x00000000e0000000,0x00000000e0000000,0x00000000f8980000)
  from space 58368K, 11% used [0x00000000f8980000,0x00000000f903c010,0x00000000fc280000)
  to   space 57344K, 0% used [0x00000000fc480000,0x00000000fc480000,0x00000000ffc80000)
 ParOldGen       total 245248K, used 113368K [0x00000000a0000000, 0x00000000aef80000, 0x00000000e0000000)
  object space 245248K, 46% used [0x00000000a0000000,0x00000000a6eb6120,0x00000000aef80000)
 Metaspace       used 91224K, capacity 94826K, committed 97880K, reserved 1134592K
  class space    used 11525K, capacity 12211K, committed 12888K, reserved 1048576K
}
Event: 7170.268 GC heap before
{Heap before GC invocations=34 (full 4):
 PSYoungGen      total 461312K, used 409840K [0x00000000e0000000, 0x00000000ffc80000, 0x0000000100000000)
  eden space 402944K, 100% used [0x00000000e0000000,0x00000000f8980000,0x00000000f8980000)
  from space 58368K, 11% used [0x00000000f8980000,0x00000000f903c010,0x00000000fc280000)
  to   space 57344K, 0% used [0x00000000fc480000,0x00000000fc480000,0x00000000ffc80000)
 ParOldGen       total 245248K, used 113368K [0x00000000a0000000, 0x00000000aef80000, 0x00000000e0000000)
  object space 245248K, 46% used [0x00000000a0000000,0x00000000a6eb6120,0x00000000aef80000)
 Metaspace       used 92017K, capacity 95658K, committed 98520K, reserved 1134592K
  class space    used 11618K, capacity 12339K, committed 13016K, reserved 1048576K
Event: 7170.282 GC heap after
Heap after GC invocations=34 (full 4):
 PSYoungGen      total 463360K, used 11991K [0x00000000e0000000, 0x00000000ffa00000, 0x0000000100000000)
  eden space 408576K, 0% used [0x00000000e0000000,0x00000000e0000000,0x00000000f8f00000)
  from space 54784K, 21% used [0x00000000fc480000,0x00000000fd035f28,0x00000000ffa00000)
  to   space 54784K, 0% used [0x00000000f8f00000,0x00000000f8f00000,0x00000000fc480000)
 ParOldGen       total 245248K, used 120024K [0x00000000a0000000, 0x00000000aef80000, 0x00000000e0000000)
  object space 245248K, 48% used [0x00000000a0000000,0x00000000a7536160,0x00000000aef80000)
 Metaspace       used 92017K, capacity 95658K, committed 98520K, reserved 1134592K
  class space    used 11618K, capacity 12339K, committed 13016K, reserved 1048576K
}
Event: 7171.743 GC heap before
{Heap before GC invocations=35 (full 4):
 PSYoungGen      total 463360K, used 420567K [0x00000000e0000000, 0x00000000ffa00000, 0x0000000100000000)
  eden space 408576K, 100% used [0x00000000e0000000,0x00000000f8f00000,0x00000000f8f00000)
  from space 54784K, 21% used [0x00000000fc480000,0x00000000fd035f28,0x00000000ffa00000)
  to   space 54784K, 0% used [0x00000000f8f00000,0x00000000f8f00000,0x00000000fc480000)
 ParOldGen       total 245248K, used 120024K [0x00000000a0000000, 0x00000000aef80000, 0x00000000e0000000)
  object space 245248K, 48% used [0x00000000a0000000,0x00000000a7536160,0x00000000aef80000)
 Metaspace       used 92030K, capacity 95722K, committed 98776K, reserved 1134592K
  class space    used 11618K, capacity 12339K, committed 13016K, reserved 1048576K
Event: 7171.787 GC heap after
Heap after GC invocations=35 (full 4):
 PSYoungGen      total 463360K, used 21554K [0x00000000e0000000, 0x00000000ffb00000, 0x0000000100000000)
  eden space 408576K, 0% used [0x00000000e0000000,0x00000000e0000000,0x00000000f8f00000)
  from space 54784K, 39% used [0x00000000f8f00000,0x00000000fa40cb90,0x00000000fc480000)
  to   space 52224K, 0% used [0x00000000fc800000,0x00000000fc800000,0x00000000ffb00000)
 ParOldGen       total 245248K, used 120032K [0x00000000a0000000, 0x00000000aef80000, 0x00000000e0000000)
  object space 245248K, 48% used [0x00000000a0000000,0x00000000a7538160,0x00000000aef80000)
 Metaspace       used 92030K, capacity 95722K, committed 98776K, reserved 1134592K
  class space    used 11618K, capacity 12339K, committed 13016K, reserved 1048576K
}

