# JRE version: OpenJDK Runtime Environment (8.0_202-b03) (build 1.8.0_202-release-1483-b03)
# Java VM: OpenJDK 64-Bit Server VM (25.202-b03 mixed mode windows-amd64 compressed oops)
Heap:
 PSYoungGen      total 320000K, used 126210K [0x00000000e0000000, 0x00000000f9400000, 0x0000000100000000)
  eden space 226304K, 14% used [0x00000000e0000000,0x00000000e1fc6238,0x00000000edd00000)
  from space 93696K, 99% used [0x00000000f3880000,0x00000000f93fa5d8,0x00000000f9400000)
  to   space 82944K, 0% used [0x00000000ee480000,0x00000000ee480000,0x00000000f3580000)
 ParOldGen       total 152576K, used 101521K [0x00000000a0000000, 0x00000000a9500000, 0x00000000e0000000)
  object space 152576K, 66% used [0x00000000a0000000,0x00000000a63244d0,0x00000000a9500000)
 Metaspace       used 83918K, capacity 90372K, committed 90584K, reserved 1128448K
  class space    used 10872K, capacity 11908K, committed 12032K, reserved 1048576K
GC Heap History (10 events):
Event: 5929.534 GC heap before
{Heap before GC invocations=21 (full 3):
 PSYoungGen      total 303616K, used 303584K [0x00000000e0000000, 0x00000000f6f00000, 0x0000000100000000)
  eden space 262144K, 100% used [0x00000000e0000000,0x00000000f0000000,0x00000000f0000000)
  from space 41472K, 99% used [0x00000000f0980000,0x00000000f31f83f0,0x00000000f3200000)
  to   space 56832K, 0% used [0x00000000f3780000,0x00000000f3780000,0x00000000f6f00000)
 ParOldGen       total 152576K, used 88410K [0x00000000a0000000, 0x00000000a9500000, 0x00000000e0000000)
  object space 152576K, 57% used [0x00000000a0000000,0x00000000a5656868,0x00000000a9500000)
 Metaspace       used 83122K, capacity 89344K, committed 89432K, reserved 1126400K
  class space    used 10823K, capacity 11821K, committed 11904K, reserved 1048576K
Event: 5929.573 GC heap after
Heap after GC invocations=21 (full 3):
 PSYoungGen      total 308736K, used 45755K [0x00000000e0000000, 0x00000000f6e00000, 0x0000000100000000)
  eden space 252928K, 0% used [0x00000000e0000000,0x00000000e0000000,0x00000000ef700000)
  from space 55808K, 81% used [0x00000000f3780000,0x00000000f642ec10,0x00000000f6e00000)
  to   space 60928K, 0% used [0x00000000ef700000,0x00000000ef700000,0x00000000f3280000)
 ParOldGen       total 152576K, used 88418K [0x00000000a0000000, 0x00000000a9500000, 0x00000000e0000000)
  object space 152576K, 57% used [0x00000000a0000000,0x00000000a5658868,0x00000000a9500000)
 Metaspace       used 83122K, capacity 89344K, committed 89432K, reserved 1126400K
  class space    used 10823K, capacity 11821K, committed 11904K, reserved 1048576K
}
Event: 5952.744 GC heap before
{Heap before GC invocations=22 (full 3):
 PSYoungGen      total 308736K, used 298683K [0x00000000e0000000, 0x00000000f6e00000, 0x0000000100000000)
  eden space 252928K, 100% used [0x00000000e0000000,0x00000000ef700000,0x00000000ef700000)
  from space 55808K, 81% used [0x00000000f3780000,0x00000000f642ec10,0x00000000f6e00000)
  to   space 60928K, 0% used [0x00000000ef700000,0x00000000ef700000,0x00000000f3280000)
 ParOldGen       total 152576K, used 88418K [0x00000000a0000000, 0x00000000a9500000, 0x00000000e0000000)
  object space 152576K, 57% used [0x00000000a0000000,0x00000000a5658868,0x00000000a9500000)
 Metaspace       used 83533K, capacity 89974K, committed 90200K, reserved 1128448K
  class space    used 10865K, capacity 11895K, committed 11904K, reserved 1048576K
Event: 5952.818 GC heap after
Heap after GC invocations=22 (full 3):
 PSYoungGen      total 305152K, used 60907K [0x00000000e0000000, 0x00000000f7c80000, 0x0000000100000000)
  eden space 244224K, 0% used [0x00000000e0000000,0x00000000e0000000,0x00000000eee80000)
  from space 60928K, 99% used [0x00000000ef700000,0x00000000f327afe0,0x00000000f3280000)
  to   space 72704K, 0% used [0x00000000f3580000,0x00000000f3580000,0x00000000f7c80000)
 ParOldGen       total 152576K, used 95763K [0x00000000a0000000, 0x00000000a9500000, 0x00000000e0000000)
  object space 152576K, 62% used [0x00000000a0000000,0x00000000a5d84d98,0x00000000a9500000)
 Metaspace       used 83533K, capacity 89974K, committed 90200K, reserved 1128448K
  class space    used 10865K, capacity 11895K, committed 11904K, reserved 1048576K
}
Event: 5954.182 GC heap before
{Heap before GC invocations=23 (full 3):
 PSYoungGen      total 305152K, used 305131K [0x00000000e0000000, 0x00000000f7c80000, 0x0000000100000000)
  eden space 244224K, 100% used [0x00000000e0000000,0x00000000eee80000,0x00000000eee80000)
  from space 60928K, 99% used [0x00000000ef700000,0x00000000f327afe0,0x00000000f3280000)
  to   space 72704K, 0% used [0x00000000f3580000,0x00000000f3580000,0x00000000f7c80000)
 ParOldGen       total 152576K, used 95763K [0x00000000a0000000, 0x00000000a9500000, 0x00000000e0000000)
  object space 152576K, 62% used [0x00000000a0000000,0x00000000a5d84d98,0x00000000a9500000)
 Metaspace       used 83713K, capacity 90172K, committed 90200K, reserved 1128448K
  class space    used 10866K, capacity 11896K, committed 11904K, reserved 1048576K
Event: 5954.226 GC heap after
Heap after GC invocations=23 (full 3):
 PSYoungGen      total 306688K, used 69289K [0x00000000e0000000, 0x00000000fa980000, 0x0000000100000000)
  eden space 233984K, 0% used [0x00000000e0000000,0x00000000e0000000,0x00000000ee480000)
  from space 72704K, 95% used [0x00000000f3580000,0x00000000f792a748,0x00000000f7c80000)
  to   space 82944K, 0% used [0x00000000ee480000,0x00000000ee480000,0x00000000f3580000)
 ParOldGen       total 152576K, used 96067K [0x00000000a0000000, 0x00000000a9500000, 0x00000000e0000000)
  object space 152576K, 62% used [0x00000000a0000000,0x00000000a5dd0d98,0x00000000a9500000)
 Metaspace       used 83713K, capacity 90172K, committed 90200K, reserved 1128448K
  class space    used 10866K, capacity 11896K, committed 11904K, reserved 1048576K
}
Event: 5966.307 GC heap before
{Heap before GC invocations=24 (full 3):
 PSYoungGen      total 306688K, used 303273K [0x00000000e0000000, 0x00000000fa980000, 0x0000000100000000)
  eden space 233984K, 100% used [0x00000000e0000000,0x00000000ee480000,0x00000000ee480000)
  from space 72704K, 95% used [0x00000000f3580000,0x00000000f792a748,0x00000000f7c80000)
  to   space 82944K, 0% used [0x00000000ee480000,0x00000000ee480000,0x00000000f3580000)
 ParOldGen       total 152576K, used 96067K [0x00000000a0000000, 0x00000000a9500000, 0x00000000e0000000)
  object space 152576K, 62% used [0x00000000a0000000,0x00000000a5dd0d98,0x00000000a9500000)
 Metaspace       used 83806K, capacity 90308K, committed 90584K, reserved 1128448K
  class space    used 10872K, capacity 11908K, committed 12032K, reserved 1048576K
Event: 5966.337 GC heap after
Heap after GC invocations=24 (full 3):
 PSYoungGen      total 309248K, used 77729K [0x00000000e0000000, 0x00000000f9400000, 0x0000000100000000)
  eden space 226304K, 0% used [0x00000000e0000000,0x00000000e0000000,0x00000000edd00000)
  from space 82944K, 93% used [0x00000000ee480000,0x00000000f3068688,0x00000000f3580000)
  to   space 93696K, 0% used [0x00000000f3880000,0x00000000f3880000,0x00000000f9400000)
 ParOldGen       total 152576K, used 96075K [0x00000000a0000000, 0x00000000a9500000, 0x00000000e0000000)
  object space 152576K, 62% used [0x00000000a0000000,0x00000000a5dd2d98,0x00000000a9500000)
 Metaspace       used 83806K, capacity 90308K, committed 90584K, reserved 1128448K
  class space    used 10872K, capacity 11908K, committed 12032K, reserved 1048576K
}
Event: 5967.176 GC heap before
{Heap before GC invocations=25 (full 3):
 PSYoungGen      total 309248K, used 304033K [0x00000000e0000000, 0x00000000f9400000, 0x0000000100000000)
  eden space 226304K, 100% used [0x00000000e0000000,0x00000000edd00000,0x00000000edd00000)
  from space 82944K, 93% used [0x00000000ee480000,0x00000000f3068688,0x00000000f3580000)
  to   space 93696K, 0% used [0x00000000f3880000,0x00000000f3880000,0x00000000f9400000)
 ParOldGen       total 152576K, used 96075K [0x00000000a0000000, 0x00000000a9500000, 0x00000000e0000000)
  object space 152576K, 62% used [0x00000000a0000000,0x00000000a5dd2d98,0x00000000a9500000)
 Metaspace       used 83908K, capacity 90372K, committed 90584K, reserved 1128448K
  class space    used 10872K, capacity 11908K, committed 12032K, reserved 1048576K
Event: 5967.220 GC heap after
Heap after GC invocations=25 (full 3):
 PSYoungGen      total 320000K, used 93673K [0x00000000e0000000, 0x00000000f9400000, 0x0000000100000000)
  eden space 226304K, 0% used [0x00000000e0000000,0x00000000e0000000,0x00000000edd00000)
  from space 93696K, 99% used [0x00000000f3880000,0x00000000f93fa5d8,0x00000000f9400000)
  to   space 82944K, 0% used [0x00000000ee480000,0x00000000ee480000,0x00000000f3580000)
 ParOldGen       total 152576K, used 101521K [0x00000000a0000000, 0x00000000a9500000, 0x00000000e0000000)
  object space 152576K, 66% used [0x00000000a0000000,0x00000000a63244d0,0x00000000a9500000)
 Metaspace       used 83908K, capacity 90372K, committed 90584K, reserved 1128448K
  class space    used 10872K, capacity 11908K, committed 12032K, reserved 1048576K
}

