# JRE version: OpenJDK Runtime Environment (8.0_202-b03) (build 1.8.0_202-release-1483-b03)
# Java VM: OpenJDK 64-Bit Server VM (25.202-b03 mixed mode windows-amd64 compressed oops)
Heap:
 PSYoungGen      total 429056K, used 57799K [0x00000000e0000000, 0x0000000100000000, 0x0000000100000000)
  eden space 374784K, 15% used [0x00000000e0000000,0x00000000e3871e08,0x00000000f6e00000)
  from space 54272K, 0% used [0x00000000fcb00000,0x00000000fcb00000,0x0000000100000000)
  to   space 74752K, 0% used [0x00000000f6e00000,0x00000000f6e00000,0x00000000fb700000)
 ParOldGen       total 331264K, used 135631K [0x00000000a0000000, 0x00000000b4380000, 0x00000000e0000000)
  object space 331264K, 40% used [0x00000000a0000000,0x00000000a8473f38,0x00000000b4380000)
 Metaspace       used 96064K, capacity 99922K, committed 104012K, reserved 1140736K
  class space    used 12105K, capacity 12820K, committed 13684K, reserved 1048576K
GC Heap History (10 events):
Event: 5643.893 GC heap before
{Heap before GC invocations=60 (full 5):
 PSYoungGen      total 491008K, used 471200K [0x00000000e0000000, 0x00000000ffd80000, 0x0000000100000000)
  eden space 461312K, 100% used [0x00000000e0000000,0x00000000fc280000,0x00000000fc280000)
  from space 29696K, 33% used [0x00000000fe080000,0x00000000fea28020,0x00000000ffd80000)
  to   space 30208K, 0% used [0x00000000fc280000,0x00000000fc280000,0x00000000fe000000)
 ParOldGen       total 280576K, used 151702K [0x00000000a0000000, 0x00000000b1200000, 0x00000000e0000000)
  object space 280576K, 54% used [0x00000000a0000000,0x00000000a9425848,0x00000000b1200000)
 Metaspace       used 94362K, capacity 98418K, committed 101324K, reserved 1136640K
  class space    used 11959K, capacity 12706K, committed 13300K, reserved 1048576K
Event: 5643.907 GC heap after
Heap after GC invocations=60 (full 5):
 PSYoungGen      total 491520K, used 9920K [0x00000000e0000000, 0x00000000ffe80000, 0x0000000100000000)
  eden space 461312K, 0% used [0x00000000e0000000,0x00000000e0000000,0x00000000fc280000)
  from space 30208K, 32% used [0x00000000fc280000,0x00000000fcc30000,0x00000000fe000000)
  to   space 29184K, 0% used [0x00000000fe200000,0x00000000fe200000,0x00000000ffe80000)
 ParOldGen       total 280576K, used 160315K [0x00000000a0000000, 0x00000000b1200000, 0x00000000e0000000)
  object space 280576K, 57% used [0x00000000a0000000,0x00000000a9c8ece0,0x00000000b1200000)
 Metaspace       used 94362K, capacity 98418K, committed 101324K, reserved 1136640K
  class space    used 11959K, capacity 12706K, committed 13300K, reserved 1048576K
}
Event: 5646.408 GC heap before
{Heap before GC invocations=61 (full 5):
 PSYoungGen      total 491520K, used 471232K [0x00000000e0000000, 0x00000000ffe80000, 0x0000000100000000)
  eden space 461312K, 100% used [0x00000000e0000000,0x00000000fc280000,0x00000000fc280000)
  from space 30208K, 32% used [0x00000000fc280000,0x00000000fcc30000,0x00000000fe000000)
  to   space 29184K, 0% used [0x00000000fe200000,0x00000000fe200000,0x00000000ffe80000)
 ParOldGen       total 280576K, used 160315K [0x00000000a0000000, 0x00000000b1200000, 0x00000000e0000000)
  object space 280576K, 57% used [0x00000000a0000000,0x00000000a9c8ece0,0x00000000b1200000)
 Metaspace       used 95025K, capacity 99324K, committed 101964K, reserved 1138688K
  class space    used 12043K, capacity 12817K, committed 13428K, reserved 1048576K
Event: 5646.477 GC heap after
Heap after GC invocations=61 (full 5):
 PSYoungGen      total 441856K, used 29157K [0x00000000e0000000, 0x0000000100000000, 0x0000000100000000)
  eden space 412672K, 0% used [0x00000000e0000000,0x00000000e0000000,0x00000000f9300000)
  from space 29184K, 99% used [0x00000000fe200000,0x00000000ffe795f0,0x00000000ffe80000)
  to   space 55808K, 0% used [0x00000000f9300000,0x00000000f9300000,0x00000000fc980000)
 ParOldGen       total 280576K, used 220553K [0x00000000a0000000, 0x00000000b1200000, 0x00000000e0000000)
  object space 280576K, 78% used [0x00000000a0000000,0x00000000ad7624b0,0x00000000b1200000)
 Metaspace       used 95025K, capacity 99324K, committed 101964K, reserved 1138688K
  class space    used 12043K, capacity 12817K, committed 13428K, reserved 1048576K
}
Event: 7474.008 GC heap before
{Heap before GC invocations=62 (full 5):
 PSYoungGen      total 441856K, used 441829K [0x00000000e0000000, 0x0000000100000000, 0x0000000100000000)
  eden space 412672K, 100% used [0x00000000e0000000,0x00000000f9300000,0x00000000f9300000)
  from space 29184K, 99% used [0x00000000fe200000,0x00000000ffe795f0,0x00000000ffe80000)
  to   space 55808K, 0% used [0x00000000f9300000,0x00000000f9300000,0x00000000fc980000)
 ParOldGen       total 280576K, used 220553K [0x00000000a0000000, 0x00000000b1200000, 0x00000000e0000000)
  object space 280576K, 78% used [0x00000000a0000000,0x00000000ad7624b0,0x00000000b1200000)
 Metaspace       used 97270K, capacity 102052K, committed 103628K, reserved 1138688K
  class space    used 12370K, capacity 13221K, committed 13556K, reserved 1048576K
Event: 7474.043 GC heap after
Heap after GC invocations=62 (full 5):
 PSYoungGen      total 468480K, used 10810K [0x00000000e0000000, 0x0000000100000000, 0x0000000100000000)
  eden space 412672K, 0% used [0x00000000e0000000,0x00000000e0000000,0x00000000f9300000)
  from space 55808K, 19% used [0x00000000f9300000,0x00000000f9d8ea60,0x00000000fc980000)
  to   space 54272K, 0% used [0x00000000fcb00000,0x00000000fcb00000,0x0000000100000000)
 ParOldGen       total 280576K, used 234466K [0x00000000a0000000, 0x00000000b1200000, 0x00000000e0000000)
  object space 280576K, 83% used [0x00000000a0000000,0x00000000ae4f8a68,0x00000000b1200000)
 Metaspace       used 97270K, capacity 102052K, committed 103628K, reserved 1138688K
  class space    used 12370K, capacity 13221K, committed 13556K, reserved 1048576K
}
Event: 7477.427 GC heap before
{Heap before GC invocations=63 (full 5):
 PSYoungGen      total 468480K, used 423482K [0x00000000e0000000, 0x0000000100000000, 0x0000000100000000)
  eden space 412672K, 100% used [0x00000000e0000000,0x00000000f9300000,0x00000000f9300000)
  from space 55808K, 19% used [0x00000000f9300000,0x00000000f9d8ea60,0x00000000fc980000)
  to   space 54272K, 0% used [0x00000000fcb00000,0x00000000fcb00000,0x0000000100000000)
 ParOldGen       total 280576K, used 234466K [0x00000000a0000000, 0x00000000b1200000, 0x00000000e0000000)
  object space 280576K, 83% used [0x00000000a0000000,0x00000000ae4f8a68,0x00000000b1200000)
 Metaspace       used 97526K, capacity 102400K, committed 104012K, reserved 1140736K
  class space    used 12378K, capacity 13261K, committed 13684K, reserved 1048576K
Event: 7477.503 GC heap after
Heap after GC invocations=63 (full 5):
 PSYoungGen      total 429056K, used 54244K [0x00000000e0000000, 0x0000000100000000, 0x0000000100000000)
  eden space 374784K, 0% used [0x00000000e0000000,0x00000000e0000000,0x00000000f6e00000)
  from space 54272K, 99% used [0x00000000fcb00000,0x00000000ffff9008,0x0000000100000000)
  to   space 74752K, 0% used [0x00000000f6e00000,0x00000000f6e00000,0x00000000fb700000)
 ParOldGen       total 280576K, used 264789K [0x00000000a0000000, 0x00000000b1200000, 0x00000000e0000000)
  object space 280576K, 94% used [0x00000000a0000000,0x00000000b02956c0,0x00000000b1200000)
 Metaspace       used 97526K, capacity 102400K, committed 104012K, reserved 1140736K
  class space    used 12378K, capacity 13261K, committed 13684K, reserved 1048576K
}
Event: 7477.503 GC heap before
{Heap before GC invocations=64 (full 6):
 PSYoungGen      total 429056K, used 54244K [0x00000000e0000000, 0x0000000100000000, 0x0000000100000000)
  eden space 374784K, 0% used [0x00000000e0000000,0x00000000e0000000,0x00000000f6e00000)
  from space 54272K, 99% used [0x00000000fcb00000,0x00000000ffff9008,0x0000000100000000)
  to   space 74752K, 0% used [0x00000000f6e00000,0x00000000f6e00000,0x00000000fb700000)
 ParOldGen       total 280576K, used 264789K [0x00000000a0000000, 0x00000000b1200000, 0x00000000e0000000)
  object space 280576K, 94% used [0x00000000a0000000,0x00000000b02956c0,0x00000000b1200000)
 Metaspace       used 97526K, capacity 102400K, committed 104012K, reserved 1140736K
  class space    used 12378K, capacity 13261K, committed 13684K, reserved 1048576K
Event: 7477.849 GC heap after
Heap after GC invocations=64 (full 6):
 PSYoungGen      total 429056K, used 0K [0x00000000e0000000, 0x0000000100000000, 0x0000000100000000)
  eden space 374784K, 0% used [0x00000000e0000000,0x00000000e0000000,0x00000000f6e00000)
  from space 54272K, 0% used [0x00000000fcb00000,0x00000000fcb00000,0x0000000100000000)
  to   space 74752K, 0% used [0x00000000f6e00000,0x00000000f6e00000,0x00000000fb700000)
 ParOldGen       total 331264K, used 135631K [0x00000000a0000000, 0x00000000b4380000, 0x00000000e0000000)
  object space 331264K, 40% used [0x00000000a0000000,0x00000000a8473f38,0x00000000b4380000)
 Metaspace       used 96060K, capacity 99922K, committed 104012K, reserved 1140736K
  class space    used 12105K, capacity 12820K, committed 13684K, reserved 1048576K
}

