# JRE version: OpenJDK Runtime Environment (8.0_202-b03) (build 1.8.0_202-release-1483-b03)
# Java VM: OpenJDK 64-Bit Server VM (25.202-b03 mixed mode windows-amd64 compressed oops)
Heap:
 PSYoungGen      total 370176K, used 206028K [0x00000000e0000000, 0x00000000fd300000, 0x0000000100000000)
  eden space 277504K, 51% used [0x00000000e0000000,0x00000000e8bfc7a8,0x00000000f0f00000)
  from space 92672K, 67% used [0x00000000f6d00000,0x00000000faa36ab8,0x00000000fc780000)
  to   space 96256K, 0% used [0x00000000f0f00000,0x00000000f0f00000,0x00000000f6d00000)
 ParOldGen       total 195072K, used 99390K [0x00000000a0000000, 0x00000000abe80000, 0x00000000e0000000)
  object space 195072K, 50% used [0x00000000a0000000,0x00000000a610f910,0x00000000abe80000)
 Metaspace       used 147910K, capacity 160474K, committed 160856K, reserved 1189888K
  class space    used 19035K, capacity 21017K, committed 21120K, reserved 1048576K
GC Heap History (10 events):
Event: 2411.717 GC heap before
{Heap before GC invocations=36 (full 4):
 PSYoungGen      total 289280K, used 289269K [0x00000000e0000000, 0x00000000f6c80000, 0x0000000100000000)
  eden space 239104K, 100% used [0x00000000e0000000,0x00000000ee980000,0x00000000ee980000)
  from space 50176K, 99% used [0x00000000ee980000,0x00000000f1a7d730,0x00000000f1a80000)
  to   space 59392K, 0% used [0x00000000f3280000,0x00000000f3280000,0x00000000f6c80000)
 ParOldGen       total 195072K, used 78104K [0x00000000a0000000, 0x00000000abe80000, 0x00000000e0000000)
  object space 195072K, 40% used [0x00000000a0000000,0x00000000a4c46230,0x00000000abe80000)
 Metaspace       used 135293K, capacity 146760K, committed 147032K, reserved 1177600K
  class space    used 17444K, capacity 19318K, committed 19328K, reserved 1048576K
Event: 2411.743 GC heap after
Heap after GC invocations=36 (full 4):
 PSYoungGen      total 308224K, used 49975K [0x00000000e0000000, 0x00000000f7580000, 0x0000000100000000)
  eden space 248832K, 0% used [0x00000000e0000000,0x00000000e0000000,0x00000000ef300000)
  from space 59392K, 84% used [0x00000000f3280000,0x00000000f634df60,0x00000000f6c80000)
  to   space 65024K, 0% used [0x00000000ef300000,0x00000000ef300000,0x00000000f3280000)
 ParOldGen       total 195072K, used 83257K [0x00000000a0000000, 0x00000000abe80000, 0x00000000e0000000)
  object space 195072K, 42% used [0x00000000a0000000,0x00000000a514e5a0,0x00000000abe80000)
 Metaspace       used 135293K, capacity 146760K, committed 147032K, reserved 1177600K
  class space    used 17444K, capacity 19318K, committed 19328K, reserved 1048576K
}
Event: 2414.022 GC heap before
{Heap before GC invocations=37 (full 4):
 PSYoungGen      total 308224K, used 297646K [0x00000000e0000000, 0x00000000f7580000, 0x0000000100000000)
  eden space 248832K, 99% used [0x00000000e0000000,0x00000000ef1dd9b0,0x00000000ef300000)
  from space 59392K, 84% used [0x00000000f3280000,0x00000000f634df60,0x00000000f6c80000)
  to   space 65024K, 0% used [0x00000000ef300000,0x00000000ef300000,0x00000000f3280000)
 ParOldGen       total 195072K, used 83257K [0x00000000a0000000, 0x00000000abe80000, 0x00000000e0000000)
  object space 195072K, 42% used [0x00000000a0000000,0x00000000a514e5a0,0x00000000abe80000)
 Metaspace       used 138833K, capacity 150342K, committed 150488K, reserved 1179648K
  class space    used 17812K, capacity 19651K, committed 19712K, reserved 1048576K
Event: 2414.053 GC heap after
Heap after GC invocations=37 (full 4):
 PSYoungGen      total 313856K, used 65011K [0x00000000e0000000, 0x00000000f9d00000, 0x0000000100000000)
  eden space 248832K, 0% used [0x00000000e0000000,0x00000000e0000000,0x00000000ef300000)
  from space 65024K, 99% used [0x00000000ef300000,0x00000000f327cd78,0x00000000f3280000)
  to   space 79360K, 0% used [0x00000000f4f80000,0x00000000f4f80000,0x00000000f9d00000)
 ParOldGen       total 195072K, used 94578K [0x00000000a0000000, 0x00000000abe80000, 0x00000000e0000000)
  object space 195072K, 48% used [0x00000000a0000000,0x00000000a5c5c840,0x00000000abe80000)
 Metaspace       used 138833K, capacity 150342K, committed 150488K, reserved 1179648K
  class space    used 17812K, capacity 19651K, committed 19712K, reserved 1048576K
}
Event: 2416.768 GC heap before
{Heap before GC invocations=38 (full 4):
 PSYoungGen      total 313856K, used 313843K [0x00000000e0000000, 0x00000000f9d00000, 0x0000000100000000)
  eden space 248832K, 100% used [0x00000000e0000000,0x00000000ef300000,0x00000000ef300000)
  from space 65024K, 99% used [0x00000000ef300000,0x00000000f327cd78,0x00000000f3280000)
  to   space 79360K, 0% used [0x00000000f4f80000,0x00000000f4f80000,0x00000000f9d00000)
 ParOldGen       total 195072K, used 94578K [0x00000000a0000000, 0x00000000abe80000, 0x00000000e0000000)
  object space 195072K, 48% used [0x00000000a0000000,0x00000000a5c5c840,0x00000000abe80000)
 Metaspace       used 146615K, capacity 159176K, committed 159448K, reserved 1187840K
  class space    used 18955K, capacity 20968K, committed 20992K, reserved 1048576K
Event: 2416.811 GC heap after
Heap after GC invocations=38 (full 4):
 PSYoungGen      total 335360K, used 67673K [0x00000000e0000000, 0x00000000faf80000, 0x0000000100000000)
  eden space 256000K, 0% used [0x00000000e0000000,0x00000000e0000000,0x00000000efa00000)
  from space 79360K, 85% used [0x00000000f4f80000,0x00000000f9196798,0x00000000f9d00000)
  to   space 87552K, 0% used [0x00000000efa00000,0x00000000efa00000,0x00000000f4f80000)
 ParOldGen       total 195072K, used 99374K [0x00000000a0000000, 0x00000000abe80000, 0x00000000e0000000)
  object space 195072K, 50% used [0x00000000a0000000,0x00000000a610b910,0x00000000abe80000)
 Metaspace       used 146615K, capacity 159176K, committed 159448K, reserved 1187840K
  class space    used 18955K, capacity 20968K, committed 20992K, reserved 1048576K
}
Event: 2418.503 GC heap before
{Heap before GC invocations=39 (full 4):
 PSYoungGen      total 335360K, used 323673K [0x00000000e0000000, 0x00000000faf80000, 0x0000000100000000)
  eden space 256000K, 100% used [0x00000000e0000000,0x00000000efa00000,0x00000000efa00000)
  from space 79360K, 85% used [0x00000000f4f80000,0x00000000f9196798,0x00000000f9d00000)
  to   space 87552K, 0% used [0x00000000efa00000,0x00000000efa00000,0x00000000f4f80000)
 ParOldGen       total 195072K, used 99374K [0x00000000a0000000, 0x00000000abe80000, 0x00000000e0000000)
  object space 195072K, 50% used [0x00000000a0000000,0x00000000a610b910,0x00000000abe80000)
 Metaspace       used 147569K, capacity 160198K, committed 160344K, reserved 1187840K
  class space    used 19011K, capacity 21013K, committed 21120K, reserved 1048576K
Event: 2418.556 GC heap after
Heap after GC invocations=39 (full 4):
 PSYoungGen      total 343552K, used 64713K [0x00000000e0000000, 0x00000000fc780000, 0x0000000100000000)
  eden space 256000K, 0% used [0x00000000e0000000,0x00000000e0000000,0x00000000efa00000)
  from space 87552K, 73% used [0x00000000efa00000,0x00000000f3932620,0x00000000f4f80000)
  to   space 92672K, 0% used [0x00000000f6d00000,0x00000000f6d00000,0x00000000fc780000)
 ParOldGen       total 195072K, used 99382K [0x00000000a0000000, 0x00000000abe80000, 0x00000000e0000000)
  object space 195072K, 50% used [0x00000000a0000000,0x00000000a610d910,0x00000000abe80000)
 Metaspace       used 147569K, capacity 160198K, committed 160344K, reserved 1187840K
  class space    used 19011K, capacity 21013K, committed 21120K, reserved 1048576K
}
Event: 2420.283 GC heap before
{Heap before GC invocations=40 (full 4):
 PSYoungGen      total 343552K, used 320713K [0x00000000e0000000, 0x00000000fc780000, 0x0000000100000000)
  eden space 256000K, 100% used [0x00000000e0000000,0x00000000efa00000,0x00000000efa00000)
  from space 87552K, 73% used [0x00000000efa00000,0x00000000f3932620,0x00000000f4f80000)
  to   space 92672K, 0% used [0x00000000f6d00000,0x00000000f6d00000,0x00000000fc780000)
 ParOldGen       total 195072K, used 99382K [0x00000000a0000000, 0x00000000abe80000, 0x00000000e0000000)
  object space 195072K, 50% used [0x00000000a0000000,0x00000000a610d910,0x00000000abe80000)
 Metaspace       used 147871K, capacity 160406K, committed 160600K, reserved 1189888K
  class space    used 19033K, capacity 21017K, committed 21120K, reserved 1048576K
Event: 2420.346 GC heap after
Heap after GC invocations=40 (full 4):
 PSYoungGen      total 370176K, used 62682K [0x00000000e0000000, 0x00000000fd300000, 0x0000000100000000)
  eden space 277504K, 0% used [0x00000000e0000000,0x00000000e0000000,0x00000000f0f00000)
  from space 92672K, 67% used [0x00000000f6d00000,0x00000000faa36ab8,0x00000000fc780000)
  to   space 96256K, 0% used [0x00000000f0f00000,0x00000000f0f00000,0x00000000f6d00000)
 ParOldGen       total 195072K, used 99390K [0x00000000a0000000, 0x00000000abe80000, 0x00000000e0000000)
  object space 195072K, 50% used [0x00000000a0000000,0x00000000a610f910,0x00000000abe80000)
 Metaspace       used 147871K, capacity 160406K, committed 160600K, reserved 1189888K
  class space    used 19033K, capacity 21017K, committed 21120K, reserved 1048576K
}

